<?xml version="1.0" encoding="utf-8"?><testsuites name="pytest tests"><testsuite name="pytest" errors="0" failures="0" skipped="6" tests="905" time="23.418" timestamp="2026-07-07T22:15:56.854976+00:00" hostname="c-6a4d7446-01f55820-58fc923c608b"><testcase classname="tests.test_cache" name="test_file_hash_basic" time="0.003" /><testcase classname="tests.test_cache" name="test_file_hash_different_content" time="0.001" /><testcase classname="tests.test_cache" name="test_file_hash_different_filename" time="0.001" /><testcase classname="tests.test_cache" name="test_file_hash_stat_fastpath" time="0.001" /><testcase classname="tests.test_cache" name="test_file_hash_invalidates_on_modification" time="0.001" /><testcase classname="tests.test_cache" name="test_save_and_load_cached" time="0.012" /><testcase classname="tests.test_cache" name="test_load_cached_missing_file" time="0.001" /><testcase classname="tests.test_cache" name="test_load_cached_corrupted_cache" time="0.001" /><testcase classname="tests.test_cache" name="test_clear_cache" time="0.001" /><testcase classname="tests.test_cache" name="test_cache_atomic_write" time="0.001" /><testcase classname="tests.test_cache" name="test_cache_invalidation_on_content_change" time="0.001" /><testcase classname="tests.test_cache" name="test_multiple_cache_entries" time="0.002" /><testcase classname="tests.test_chunk_cache" name="test_compute_schema_fingerprint_basic" time="0.000" /><testcase classname="tests.test_chunk_cache" name="test_compute_schema_fingerprint_order_independent" time="0.000" /><testcase classname="tests.test_chunk_cache" name="test_compute_schema_fingerprint_changes_on_modification" time="0.000" /><testcase classname="tests.test_chunk_cache" name="test_chunk_cache_save_and_load" time="0.001" /><testcase classname="tests.test_chunk_cache" name="test_chunk_cache_miss" time="0.001" /><testcase classname="tests.test_chunk_cache" name="test_chunk_cache_clear" time="0.001" /><testcase classname="tests.test_chunk_cache" name="test_chunk_cache_gc" time="0.015" /><testcase classname="tests.test_chunk_cache" name="test_chunk_cache_info" time="0.001" /><testcase classname="tests.test_chunk_cache" name="test_chunk_cache_metadata" time="0.001" /><testcase classname="tests.test_chunk_cache" name="test_chunk_cache_corrupted_manifest" time="0.001" /><testcase classname="tests.test_chunk_cache" name="test_chunk_cache_atomic_write" time="0.001" /><testcase classname="tests.test_chunker" name="test_type_str_simple" time="0.000" /><testcase classname="tests.test_chunker" name="test_type_str_with_precision" time="0.000" /><testcase classname="tests.test_chunker" name="test_type_str_with_precision_and_scale" time="0.000" /><testcase classname="tests.test_chunker" name="test_build_chunks_empty_schema" time="0.000" /><testcase classname="tests.test_chunker" name="test_build_chunks_single_table" time="0.000" /><testcase classname="tests.test_chunker" name="test_build_chunks_table_content" time="0.000" /><testcase classname="tests.test_chunker" name="test_build_chunks_with_foreign_key" time="0.000" /><testcase classname="tests.test_chunker" name="test_build_chunks_schema_summary_meta" time="0.000" /><testcase classname="tests.test_chunker" name="test_build_chunks_with_sequence" time="0.000" /><testcase classname="tests.test_chunker" name="test_build_chunks_relationship_map" time="0.000" /><testcase classname="tests.test_chunker" name="test_build_chunks_table_hint" time="0.000" /><testcase classname="tests.test_chunker" name="test_build_chunks_unique_ids" time="0.000" /><testcase classname="tests.test_classifier.TestClassifyTableCreation" name="test_single_create_table" time="0.001" /><testcase classname="tests.test_classifier.TestClassifyTableCreation" name="test_multiple_create_tables" time="0.001" /><testcase classname="tests.test_classifier.TestClassifyColumnOperations" name="test_add_column" time="0.015" /><testcase classname="tests.test_classifier.TestClassifyColumnOperations" name="test_drop_column" time="0.001" /><testcase classname="tests.test_classifier.TestClassifyColumnOperations" name="test_modify_column_via_command_fallback" time="0.000" /><testcase classname="tests.test_classifier.TestClassifyConstraints" name="test_add_foreign_key_constraint" time="0.000" /><testcase classname="tests.test_classifier.TestClassifyConstraints" name="test_drop_constraint" time="0.000" /><testcase classname="tests.test_classifier.TestClassifyIndexManagement" name="test_create_index" time="0.000" /><testcase classname="tests.test_classifier.TestClassifyIndexManagement" name="test_drop_index" time="0.000" /><testcase classname="tests.test_classifier.TestClassifyDataMigration" name="test_insert" time="0.000" /><testcase classname="tests.test_classifier.TestClassifyDataMigration" name="test_update" time="0.001" /><testcase classname="tests.test_classifier.TestClassifyDataMigration" name="test_delete" time="0.000" /><testcase classname="tests.test_classifier.TestClassifyCleanup" name="test_drop_table" time="0.012" /><testcase classname="tests.test_classifier.TestClassifyCleanup" name="test_drop_sequence" time="0.000" /><testcase classname="tests.test_classifier.TestClassifyCleanup" name="test_drop_view" time="0.000" /><testcase classname="tests.test_classifier.TestClassifyViewTriggerProcedure" name="test_create_view" time="0.001" /><testcase classname="tests.test_classifier.TestClassifyViewTriggerProcedure" name="test_create_trigger_via_command" time="0.001" /><testcase classname="tests.test_classifier.TestClassifyViewTriggerProcedure" name="test_create_procedure_via_command" time="0.000" /><testcase classname="tests.test_classifier.TestClassifyRefactor" name="test_rename_column_via_command" time="0.000" /><testcase classname="tests.test_classifier.TestMixedMigrations" name="test_table_and_index" time="0.014" /><testcase classname="tests.test_classifier.TestMixedMigrations" name="test_data_and_table_creation" time="0.001" /><testcase classname="tests.test_classifier.TestMixedMigrations" name="test_risk_elevated_by_high_risk_secondary" time="0.001" /><testcase classname="tests.test_classifier.TestMixedMigrations" name="test_empty_migration_is_mixed" time="0.000" /><testcase classname="tests.test_classifier.TestMixedMigrations" name="test_comment_only_is_mixed" time="0.000" /><testcase classname="tests.test_classifier.TestClassifyMigrations" name="test_batch_returns_one_per_file" time="0.001" /><testcase classname="tests.test_classifier.TestClassifyMigrations" name="test_dialect_postgres" time="0.022" /><testcase classname="tests.test_classifier.TestClassifyMigrations" name="test_dialect_mysql" time="0.024" /><testcase classname="tests.test_classifier.TestGroupBy" name="test_group_by_category_counts" time="0.000" /><testcase classname="tests.test_classifier.TestGroupBy" name="test_group_by_risk_counts" time="0.000" /><testcase classname="tests.test_classifier.TestGroupBy" name="test_group_by_category_empty" time="0.000" /><testcase classname="tests.test_classifier.TestGroupBy" name="test_group_by_risk_empty" time="0.000" /><testcase classname="tests.test_classifier.TestFormatText" name="test_contains_filenames" time="0.000" /><testcase classname="tests.test_classifier.TestFormatText" name="test_contains_category_labels" time="0.000" /><testcase classname="tests.test_classifier.TestFormatText" name="test_contains_summary_section" time="0.000" /><testcase classname="tests.test_classifier.TestFormatText" name="test_contains_risk_section" time="0.000" /><testcase classname="tests.test_classifier.TestFormatText" name="test_group_by_shows_headings" time="0.000" /><testcase classname="tests.test_classifier.TestFormatText" name="test_secondary_categories_shown" time="0.001" /><testcase classname="tests.test_classifier.TestFormatText" name="test_empty_returns_message" time="0.000" /><testcase classname="tests.test_classifier.TestFormatJson" name="test_top_level_keys" time="0.000" /><testcase classname="tests.test_classifier.TestFormatJson" name="test_total_count" time="0.000" /><testcase classname="tests.test_classifier.TestFormatJson" name="test_by_category_present" time="0.000" /><testcase classname="tests.test_classifier.TestFormatJson" name="test_by_risk_present" time="0.000" /><testcase classname="tests.test_classifier.TestFormatJson" name="test_migration_fields" time="0.000" /><testcase classname="tests.test_classifier.TestFormatJson" name="test_empty_list" time="0.000" /><testcase classname="tests.test_cli_integration" name="test_dump_help" time="1.239" /><testcase classname="tests.test_cli_integration" name="test_chunks_help" time="1.093" /><testcase classname="tests.test_cli_integration" name="test_graph_help" time="0.945" /><testcase classname="tests.test_cli_integration" name="test_insights_help" time="0.962" /><testcase classname="tests.test_cli_integration" name="test_query_help" time="0.994" /><testcase classname="tests.test_cli_integration" name="test_validate_help" time="0.983" /><testcase classname="tests.test_cli_integration" name="test_lint_help" time="0.974" /><testcase classname="tests.test_cli_integration" name="test_cache_info" time="0.957" /><testcase classname="tests.test_cli_integration" name="test_legacy_mode_no_args" time="0.903" /><testcase classname="tests.test_clustering" name="test_community_result_properties" time="0.000" /><testcase classname="tests.test_clustering" name="test_detect_communities_empty_graph" time="0.001" /><testcase classname="tests.test_clustering" name="test_detect_communities_single_node" time="0.001" /><testcase classname="tests.test_clustering" name="test_detect_communities_two_components" time="0.013" /><testcase classname="tests.test_clustering" name="test_detect_communities_clique" time="0.002" /><testcase classname="tests.test_clustering" name="test_detect_communities_resolution_parameter" time="0.001" /><testcase classname="tests.test_clustering" name="test_detect_communities_min_cohesion_filter" time="0.001" /><testcase classname="tests.test_clustering" name="test_detect_communities_directed_graph" time="0.001" /><testcase classname="tests.test_clustering" name="test_cohesion_score_clique" time="0.000" /><testcase classname="tests.test_clustering" name="test_cohesion_score_linear_chain" time="0.001" /><testcase classname="tests.test_clustering" name="test_cohesion_score_single_node" time="0.000" /><testcase classname="tests.test_clustering" name="test_cohesion_score_empty_community" time="0.000" /><testcase classname="tests.test_clustering" name="test_label_communities_basic" time="0.000" /><testcase classname="tests.test_clustering" name="test_label_communities_mixed_types" time="0.000" /><testcase classname="tests.test_clustering" name="test_label_communities_unclustered" time="0.000" /><testcase classname="tests.test_clustering" name="test_label_communities_empty" time="0.000" /><testcase classname="tests.test_clustering" name="test_detect_communities_karate_club" time="0.002" /><testcase classname="tests.test_clustering" name="test_detect_communities_splitting_large" time="0.054" /><testcase classname="tests.test_clustering" name="test_detect_communities_no_splitting" time="0.019" /><testcase classname="tests.test_clustering" name="test_detect_communities_algorithm_fallback" time="0.001" /><testcase classname="tests.test_clustering" name="test_detect_communities_schema_pattern" time="0.001" /><testcase classname="tests.test_clustering" name="test_detect_communities_star_graph" time="0.001" /><testcase classname="tests.test_clustering" name="test_detect_communities_barbell_graph" time="0.001" /><testcase classname="tests.test_core.TestV1" name="test_tables_created" time="0.016" /><testcase classname="tests.test_core.TestV1" name="test_sequences_created" time="0.000" /><testcase classname="tests.test_core.TestV1" name="test_no_fk_edges" time="0.000" /><testcase classname="tests.test_core.TestV1" name="test_migration_history" time="0.000" /><testcase classname="tests.test_core.TestV1" name="test_users_columns" time="0.000" /><testcase classname="tests.test_core.TestV1" name="test_users_pk" time="0.000" /><testcase classname="tests.test_core.TestV1" name="test_table_comment" time="0.000" /><testcase classname="tests.test_core.TestV1" name="test_column_comment" time="0.014" /><testcase classname="tests.test_core.TestV1" name="test_seq_start_with" time="0.000" /><testcase classname="tests.test_core.TestV1" name="test_users_check_constraint" time="0.000" /><testcase classname="tests.test_core.TestAllMigrations" name="test_table_count" time="0.022" /><testcase classname="tests.test_core.TestAllMigrations" name="test_all_tables_present" time="0.000" /><testcase classname="tests.test_core.TestAllMigrations" name="test_sequence_count" time="0.000" /><testcase classname="tests.test_core.TestAllMigrations" name="test_fk_edge_count" time="0.000" /><testcase classname="tests.test_core.TestAllMigrations" name="test_fk_orders_to_users_cascade" time="0.000" /><testcase classname="tests.test_core.TestAllMigrations" name="test_fk_items_to_orders_cascade" time="0.000" /><testcase classname="tests.test_core.TestAllMigrations" name="test_fk_items_to_products" time="0.000" /><testcase classname="tests.test_core.TestAllMigrations" name="test_fk_audit_to_users" time="0.000" /><testcase classname="tests.test_core.TestAllMigrations" name="test_migration_history_versions" time="0.000" /><testcase classname="tests.test_core.TestAllMigrations" name="test_alter_table_adds_columns" time="0.000" /><testcase classname="tests.test_core.TestAllMigrations" name="test_alter_table_recorded_in_modified" time="0.000" /><testcase classname="tests.test_core.TestAllMigrations" name="test_orders_seq_start_with" time="0.000" /><testcase classname="tests.test_core.TestAllMigrations" name="test_orders_indexes" time="0.000" /><testcase classname="tests.test_core.TestAllMigrations" name="test_out_of_order_input_still_sorted" time="0.043" /><testcase classname="tests.test_core.TestBuildChunks" name="test_total_chunk_count" time="0.021" /><testcase classname="tests.test_core.TestBuildChunks" name="test_schema_summary_is_first" time="0.000" /><testcase classname="tests.test_core.TestBuildChunks" name="test_relationship_map_is_last" time="0.000" /><testcase classname="tests.test_core.TestBuildChunks" name="test_table_chunks_present" time="0.010" /><testcase classname="tests.test_core.TestBuildChunks" name="test_schema_summary_meta" time="0.000" /><testcase classname="tests.test_core.TestBuildChunks" name="test_users_chunk_content" time="0.000" /><testcase classname="tests.test_core.TestBuildChunks" name="test_chunk_ids_are_unique" time="0.000" /><testcase classname="tests.test_core.TestBuildChunks" name="test_relationship_map_content" time="0.000" /><testcase classname="tests.test_core.TestMigrationActions" name="test_graph_actions_not_empty" time="0.021" /><testcase classname="tests.test_core.TestMigrationActions" name="test_create_table_actions_recorded" time="0.000" /><testcase classname="tests.test_core.TestMigrationActions" name="test_create_index_actions_recorded" time="0.000" /><testcase classname="tests.test_core.TestMigrationActions" name="test_add_column_action_recorded" time="0.000" /><testcase classname="tests.test_core.TestMigrationActions" name="test_add_constraint_action_recorded" time="0.000" /><testcase classname="tests.test_core.TestMigrationActions" name="test_table_actions_populated" time="0.014" /><testcase classname="tests.test_core.TestMigrationActions" name="test_action_version_matches_migration" time="0.000" /><testcase classname="tests.test_core.TestMigrationActions" name="test_create_sequence_action_recorded" time="0.000" /><testcase classname="tests.test_core.TestDropTable" name="test_drop_removes_table" time="0.001" /><testcase classname="tests.test_core.TestDropTable" name="test_drop_action_recorded" time="0.001" /><testcase classname="tests.test_core.TestDropTable" name="test_drop_then_recreate" time="0.002" /><testcase classname="tests.test_core.TestDropTable" name="test_drop_nonexistent_table_is_silent" time="0.000" /><testcase classname="tests.test_core.TestAlterTableDrop" name="test_drop_column_removes_it" time="0.015" /><testcase classname="tests.test_core.TestAlterTableDrop" name="test_drop_column_action_recorded" time="0.001" /><testcase classname="tests.test_core.TestAlterTableDrop" name="test_drop_constraint_removes_it" time="0.001" /><testcase classname="tests.test_core.TestAlterTableDrop" name="test_drop_constraint_action_recorded" time="0.001" /><testcase classname="tests.test_core.TestAlterTableModify" name="test_modify_column_type" time="0.002" /><testcase classname="tests.test_core.TestAlterTableModify" name="test_modify_column_precision_and_scale" time="0.000" /><testcase classname="tests.test_core.TestAlterTableModify" name="test_modify_column_default" time="0.000" /><testcase classname="tests.test_core.TestAlterTableModify" name="test_modify_action_recorded" time="0.000" /><testcase classname="tests.test_core.TestAlterTableModify" name="test_modify_marks_table_modified" time="0.000" /><testcase classname="tests.test_core.TestActionsInChunks" name="test_modified_table_chunk_has_actions_section" time="0.004" /><testcase classname="tests.test_core.TestActionsInChunks" name="test_table_chunk_meta_includes_actions" time="0.000" /><testcase classname="tests.test_core.TestActionsInChunks" name="test_unmodified_table_chunk_has_no_actions_section" time="0.000" /><testcase classname="tests.test_cost_estimation" name="test_estimate_migration_simple" time="0.001" /><testcase classname="tests.test_cost_estimation" name="test_estimate_migrations_collection" time="0.002" /><testcase classname="tests.test_cost_estimation" name="test_estimated_runtime_with_table_stats" time="0.001" /><testcase classname="tests.test_cost_estimation" name="test_throughput_override" time="0.001" /><testcase classname="tests.test_cost_estimation" name="test_plsql_profile_reduces_score" time="0.002" /><testcase classname="tests.test_cost_estimation" name="test_plsql_profile_keeps_dangerous_dml_high" time="0.011" /><testcase classname="tests.test_cost_estimation" name="test_data_migration_profile_amplifies_bulk_dml" time="0.001" /><testcase classname="tests.test_cost_estimation" name="test_default_profile_unchanged" time="0.001" /><testcase classname="tests.test_cost_estimation" name="test_format_text_shows_profile_note" time="0.001" /><testcase classname="tests.test_deps" name="test_simple_dependency_chain" time="0.016" /><testcase classname="tests.test_deps" name="test_foreign_key_dependency" time="0.002" /><testcase classname="tests.test_deps" name="test_view_dependency" time="0.002" /><testcase classname="tests.test_deps" name="test_parallel_safe_migrations" time="0.001" /><testcase classname="tests.test_deps" name="test_critical_path_calculation" time="0.013" /><testcase classname="tests.test_deps" name="test_circular_dependency_detection" time="0.001" /><testcase classname="tests.test_deps" name="test_unreferenced_object_detection" time="0.001" /><testcase classname="tests.test_deps" name="test_unreferenced_foreign_key" time="0.001" /><testcase classname="tests.test_deps" name="test_empty_directory" time="0.000" /><testcase classname="tests.test_deps" name="test_format_text" time="0.013" /><testcase classname="tests.test_deps" name="test_format_json" time="0.002" /><testcase classname="tests.test_deps" name="test_format_dot" time="0.001" /><testcase classname="tests.test_deps" name="test_validate_dependencies_success" time="0.001" /><testcase classname="tests.test_deps" name="test_validate_dependencies_with_errors" time="0.001" /><testcase classname="tests.test_deps" name="test_validate_dependencies_strict_mode" time="0.013" /><testcase classname="tests.test_deps" name="test_complex_dependency_graph" time="0.002" /><testcase classname="tests.test_deps" name="test_multiple_tables_in_one_migration" time="0.002" /><testcase classname="tests.test_deps" name="test_summary_statistics" time="0.016" /><testcase classname="tests.test_dialects.TestDialectFactory" name="test_oracle_dialect" time="0.000" /><testcase classname="tests.test_dialects.TestDialectFactory" name="test_postgres_dialect" time="0.000" /><testcase classname="tests.test_dialects.TestDialectFactory" name="test_postgresql_alias" time="0.000" /><testcase classname="tests.test_dialects.TestDialectFactory" name="test_mysql_dialect" time="0.000" /><testcase classname="tests.test_dialects.TestDialectFactory" name="test_sqlite_dialect" time="0.016" /><testcase classname="tests.test_dialects.TestDialectFactory" name="test_unsupported_dialect" time="0.000" /><testcase classname="tests.test_dialects.TestDialectFactory" name="test_case_insensitive" time="0.000" /><testcase classname="tests.test_dialects.TestOracleAdapter" name="test_normalize_varchar2" time="0.000" /><testcase classname="tests.test_dialects.TestOracleAdapter" name="test_normalize_number" time="0.000" /><testcase classname="tests.test_dialects.TestOracleAdapter" name="test_normalize_nvarchar2" time="0.000" /><testcase classname="tests.test_dialects.TestOracleAdapter" name="test_normalize_long" time="0.000" /><testcase classname="tests.test_dialects.TestOracleAdapter" name="test_normalize_raw" time="0.000" /><testcase classname="tests.test_dialects.TestOracleAdapter" name="test_normalize_unchanged" time="0.000" /><testcase classname="tests.test_dialects.TestOracleAdapter" name="test_is_auto_increment" time="0.000" /><testcase classname="tests.test_dialects.TestPostgresAdapter" name="test_normalize_serial" time="0.000" /><testcase classname="tests.test_dialects.TestPostgresAdapter" name="test_normalize_text" time="0.000" /><testcase classname="tests.test_dialects.TestPostgresAdapter" name="test_normalize_bytea" time="0.000" /><testcase classname="tests.test_dialects.TestPostgresAdapter" name="test_normalize_bool" time="0.000" /><testcase classname="tests.test_dialects.TestPostgresAdapter" name="test_normalize_int_aliases" time="0.000" /><testcase classname="tests.test_dialects.TestPostgresAdapter" name="test_normalize_float_aliases" time="0.000" /><testcase classname="tests.test_dialects.TestPostgresAdapter" name="test_normalize_varchar_preserved" time="0.000" /><testcase classname="tests.test_dialects.TestPostgresAdapter" name="test_is_auto_increment" time="0.000" /><testcase classname="tests.test_dialects.TestMySQLAdapter" name="test_normalize_tinyint" time="0.000" /><testcase classname="tests.test_dialects.TestMySQLAdapter" name="test_normalize_mediumint" time="0.000" /><testcase classname="tests.test_dialects.TestMySQLAdapter" name="test_normalize_int" time="0.000" /><testcase classname="tests.test_dialects.TestMySQLAdapter" name="test_normalize_datetime" time="0.000" /><testcase classname="tests.test_dialects.TestMySQLAdapter" name="test_normalize_text_types" time="0.000" /><testcase classname="tests.test_dialects.TestMySQLAdapter" name="test_normalize_blob_types" time="0.017" /><testcase classname="tests.test_dialects.TestMySQLAdapter" name="test_normalize_double" time="0.000" /><testcase classname="tests.test_dialects.TestMySQLAdapter" name="test_is_auto_increment" time="0.000" /><testcase classname="tests.test_dialects.TestSQLiteAdapter" name="test_normalize_text" time="0.000" /><testcase classname="tests.test_dialects.TestSQLiteAdapter" name="test_normalize_real" time="0.000" /><testcase classname="tests.test_dialects.TestSQLiteAdapter" name="test_normalize_blob" time="0.000" /><testcase classname="tests.test_dialects.TestSQLiteAdapter" name="test_normalize_int" time="0.000" /><testcase classname="tests.test_dialects.TestSQLiteAdapter" name="test_normalize_integer_unchanged" time="0.017" /><testcase classname="tests.test_dialects.TestSQLiteAdapter" name="test_is_auto_increment" time="0.000" /><testcase classname="tests.test_dialects.TestTypeNormalizationConsistency" name="test_varchar_preserved" time="0.000" /><testcase classname="tests.test_dialects.TestTypeNormalizationConsistency" name="test_integer_preserved" time="0.000" /><testcase classname="tests.test_dialects.TestTypeNormalizationConsistency" name="test_numeric_canonical" time="0.000" /><testcase classname="tests.test_dialects.TestCaseInsensitivity" name="test_oracle_lowercase" time="0.000" /><testcase classname="tests.test_dialects.TestCaseInsensitivity" name="test_postgres_lowercase" time="0.000" /><testcase classname="tests.test_dialects.TestCaseInsensitivity" name="test_mysql_lowercase" time="0.000" /><testcase classname="tests.test_dialects.TestCaseInsensitivity" name="test_sqlite_lowercase" time="0.000" /><testcase classname="tests.test_dialects.TestEdgeCases" name="test_type_with_spaces_in_precision" time="0.000" /><testcase classname="tests.test_dialects.TestEdgeCases" name="test_unknown_type_preserved" time="0.000" /><testcase classname="tests.test_dialects.TestEdgeCases" name="test_empty_string" time="0.000" /><testcase classname="tests.test_dialects.TestEdgeCases" name="test_type_without_base" time="0.000" /><testcase classname="tests.test_diff_versions" name="test_diff_versions_v1_to_v2_adds_table" time="0.078" /><testcase classname="tests.test_diff_versions" name="test_diff_versions_text_output" time="0.003" /><testcase classname="tests.test_diff_versions" name="test_diff_versions_same_version_produces_no_changes" time="0.014" /><testcase classname="tests.test_diff_versions" name="test_diff_versions_no_versions_uses_latest" time="0.002" /><testcase classname="tests.test_diff_versions" name="test_diff_versions_from_only_compares_partial_to_full" time="0.003" /><testcase classname="tests.test_diff_versions" name="test_diff_versions_to_only_compares_full_to_partial" time="0.013" /><testcase classname="tests.test_domains" name="test_infer_domain_label_with_common_prefix" time="0.000" /><testcase classname="tests.test_domains" name="test_infer_domain_label_with_schema_prefix" time="0.000" /><testcase classname="tests.test_domains" name="test_infer_domain_label_fallback" time="0.000" /><testcase classname="tests.test_domains" name="test_infer_domain_label_empty" time="0.000" /><testcase classname="tests.test_domains" name="test_infer_domain_description" time="0.001" /><testcase classname="tests.test_domains" name="test_detect_domains_empty_state" time="0.000" /><testcase classname="tests.test_domains" name="test_detect_domains_single_table" time="0.001" /><testcase classname="tests.test_domains" name="test_detect_domains_multiple_tables_no_relationships" time="0.014" /><testcase classname="tests.test_domains" name="test_detect_domains_with_relationships" time="0.002" /><testcase classname="tests.test_domains" name="test_detect_domains_custom_resolution" time="0.002" /><testcase classname="tests.test_domains" name="test_detect_domains_min_cohesion" time="0.002" /><testcase classname="tests.test_domains" name="test_detect_domains_disable_splitting" time="0.013" /><testcase classname="tests.test_domains" name="test_cross_domain_dependencies" time="0.002" /><testcase classname="tests.test_domains" name="test_format_text" time="0.001" /><testcase classname="tests.test_domains" name="test_format_text_empty" time="0.000" /><testcase classname="tests.test_domains" name="test_format_json" time="0.001" /><testcase classname="tests.test_domains" name="test_format_json_with_cross_domain_deps" time="0.002" /><testcase classname="tests.test_domains" name="test_domain_cohesion_scores" time="0.011" /><testcase classname="tests.test_domains" name="test_domain_sorting" time="0.002" /><testcase classname="tests.test_drawio_export" name="test_to_drawio_generates_valid_xml" time="0.020" /><testcase classname="tests.test_drawio_export" name="test_to_drawio_creates_table_cells" time="0.003" /><testcase classname="tests.test_drawio_export" name="test_to_drawio_creates_column_rows" time="0.002" /><testcase classname="tests.test_drawio_export" name="test_to_drawio_creates_fk_edges" time="0.003" /><testcase classname="tests.test_drawio_export" name="test_to_drawio_root_cells_structure" time="0.002" /><testcase classname="tests.test_drawio_export" name="test_to_drawio_title" time="0.002" /><testcase classname="tests.test_drawio_export" name="test_to_drawio_grid_layout" time="0.013" /><testcase classname="tests.test_drawio_export" name="test_to_drawio_empty_schema" time="0.001" /><testcase classname="tests.test_drawio_export" name="test_to_drawio_column_badges" time="0.002" /><testcase classname="tests.test_drawio_export" name="test_to_drawio_erd_edge_style" time="0.014" /><testcase classname="tests.test_drawio_export" name="test_to_drawio_pretty_printed" time="0.002" /><testcase classname="tests.test_drawio_export" name="test_to_drawio_table_values" time="0.002" /><testcase classname="tests.test_drawio_export" name="test_to_drawio_column_values" time="0.002" /><testcase classname="tests.test_drift_repair" name="test_missing_table" time="0.013" /><testcase classname="tests.test_drift_repair" name="test_extra_table" time="0.005" /><testcase classname="tests.test_drift_repair" name="test_no_drift_identical_schemas" time="0.014" /><testcase classname="tests.test_drift_repair" name="test_column_type_mismatch" time="0.004" /><testcase classname="tests.test_drift_repair" name="test_extra_column" time="0.004" /><testcase classname="tests.test_drift_repair" name="test_missing_column" time="0.011" /><testcase classname="tests.test_drift_repair" name="test_missing_foreign_key" time="0.003" /><testcase classname="tests.test_drift_repair" name="test_extra_index" time="0.004" /><testcase classname="tests.test_drift_repair" name="test_report_to_text" time="0.013" /><testcase classname="tests.test_drift_repair" name="test_report_to_json" time="0.003" /><testcase classname="tests.test_drift_repair" name="test_clean_report_text" time="0.014" /><testcase classname="tests.test_drift_repair" name="test_clean_report_json" time="0.004" /><testcase classname="tests.test_drift_repair" name="test_generate_migration_file" time="0.003" /><testcase classname="tests.test_drift_repair" name="test_generate_migration_clean_schema" time="0.015" /><testcase classname="tests.test_drift_repair" name="test_generate_migration_multiple_findings" time="0.004" /><testcase classname="tests.test_drift_repair" name="test_report_by_category" time="0.014" /><testcase classname="tests.test_drift_repair" name="test_report_by_severity" time="0.004" /><testcase classname="tests.test_drift_repair" name="test_report_errors_warnings" time="0.016" /><testcase classname="tests.test_drift_repair" name="test_drift_finding_to_dict" time="0.000" /><testcase classname="tests.test_drift_repair" name="test_empty_schemas" time="0.000" /><testcase classname="tests.test_drift_repair" name="test_custom_labels" time="0.003" /><testcase classname="tests.test_excalidraw_export" name="test_excalidraw_element_creation" time="0.000" /><testcase classname="tests.test_excalidraw_export" name="test_to_excalidraw_generates_valid_json" time="0.002" /><testcase classname="tests.test_excalidraw_export" name="test_to_excalidraw_creates_table_rectangles" time="0.002" /><testcase classname="tests.test_excalidraw_export" name="test_to_excalidraw_creates_text_elements" time="0.002" /><testcase classname="tests.test_excalidraw_export" name="test_to_excalidraw_creates_fk_arrows" time="0.002" /><testcase classname="tests.test_excalidraw_export" name="test_to_excalidraw_title" time="0.002" /><testcase classname="tests.test_excalidraw_export" name="test_to_excalidraw_grid_layout" time="0.002" /><testcase classname="tests.test_excalidraw_export" name="test_to_excalidraw_empty_schema" time="0.000" /><testcase classname="tests.test_excalidraw_export" name="test_to_excalidraw_column_badges" time="0.002" /><testcase classname="tests.test_excalidraw_export" name="test_to_excalidraw_without_title" time="0.016" /><testcase classname="tests.test_git_diff.TestResolveGitRoot" name="test_finds_git_dir_in_current" time="0.001" /><testcase classname="tests.test_git_diff.TestResolveGitRoot" name="test_finds_git_dir_in_parent" time="0.018" /><testcase classname="tests.test_git_diff.TestResolveGitRoot" name="test_raises_when_no_git_dir" time="0.001" /><testcase classname="tests.test_git_diff.TestResolveGitRoot" name="test_git_dir_is_file_gitmodules" time="0.001" /><testcase classname="tests.test_git_diff.TestRunGitDiff" name="test_happy_path" time="0.001" /><testcase classname="tests.test_git_diff.TestRunGitDiff" name="test_staged_changes" time="0.001" /><testcase classname="tests.test_git_diff.TestRunGitDiff" name="test_empty_diff" time="0.019" /><testcase classname="tests.test_git_diff.TestRunGitDiff" name="test_git_not_found" time="0.001" /><testcase classname="tests.test_git_diff.TestRunGitDiff" name="test_git_timeout" time="0.019" /><testcase classname="tests.test_git_diff.TestRunGitDiff" name="test_git_exit_nonzero" time="0.001" /><testcase classname="tests.test_git_diff.TestFilterSqlFiles" name="test_keeps_sql_files_under_migrations_dir" time="0.001" /><testcase classname="tests.test_git_diff.TestFilterSqlFiles" name="test_filters_out_non_sql_files" time="0.001" /><testcase classname="tests.test_git_diff.TestFilterSqlFiles" name="test_filters_out_files_outside_migrations_dir" time="0.001" /><testcase classname="tests.test_git_diff.TestFilterSqlFiles" name="test_ignores_nonexistent_files" time="0.001" /><testcase classname="tests.test_git_diff.TestFilterSqlFiles" name="test_case_insensitive_sql_extension" time="0.001" /><testcase classname="tests.test_git_diff.TestFilterSqlFiles" name="test_empty_changed_files" time="0.001" /><testcase classname="tests.test_git_diff.TestFilterSqlFiles" name="test_path_traversal_attempt" time="0.001" /><testcase classname="tests.test_git_diff.TestGetDiffFiles" name="test_integration_happy_path" time="0.001" /><testcase classname="tests.test_git_diff.TestGetDiffFiles" name="test_no_git_dir_raises" time="0.015" /><testcase classname="tests.test_git_diff.TestGetDiffFiles" name="test_no_sql_files_in_diff" time="0.001" /><testcase classname="tests.test_git_diff.TestGetDiffFiles" name="test_staged_mode" time="0.002" /><testcase classname="tests.test_git_diff.TestExtractTablesFromSql" name="test_create_table" time="0.001" /><testcase classname="tests.test_git_diff.TestExtractTablesFromSql" name="test_alter_table" time="0.001" /><testcase classname="tests.test_git_diff.TestExtractTablesFromSql" name="test_drop_table" time="0.001" /><testcase classname="tests.test_git_diff.TestExtractTablesFromSql" name="test_create_if_not_exists" time="0.011" /><testcase classname="tests.test_git_diff.TestExtractTablesFromSql" name="test_multi_statement" time="0.001" /><testcase classname="tests.test_git_diff.TestExtractTablesFromSql" name="test_non_ddl_ignored" time="0.001" /><testcase classname="tests.test_git_diff.TestExtractTablesFromSql" name="test_schema_prefixed" time="0.001" /><testcase classname="tests.test_git_diff.TestExtractTablesFromSql" name="test_empty_file" time="0.001" /><testcase classname="tests.test_git_diff.TestExtractTablesFromSql" name="test_sql_with_comments" time="0.001" /><testcase classname="tests.test_git_diff.TestExtractTablesFromSql" name="test_invalid_sql_does_not_crash" time="0.001" /><testcase classname="tests.test_git_diff.TestExtractTablesFromSql" name="test_file_not_found" time="0.000" /><testcase classname="tests.test_git_diff.TestExtractTablesFromDiff" name="test_returns_table_per_file" time="0.013" /><testcase classname="tests.test_git_diff.TestExtractTablesFromDiff" name="test_skips_files_with_no_ddl" time="0.001" /><testcase classname="tests.test_git_diff.TestExtractTablesFromDiff" name="test_empty_file_list" time="0.000" /><testcase classname="tests.test_graph_construction" name="test_empty_schema_to_networkx" time="0.000" /><testcase classname="tests.test_graph_construction" name="test_single_table_to_networkx" time="0.000" /><testcase classname="tests.test_graph_construction" name="test_foreign_key_edges" time="0.000" /><testcase classname="tests.test_graph_construction" name="test_sequence_nodes" time="0.000" /><testcase classname="tests.test_graph_construction" name="test_migration_nodes_and_edges" time="0.000" /><testcase classname="tests.test_graph_construction" name="test_directed_vs_undirected" time="0.000" /><testcase classname="tests.test_graph_construction" name="test_validate_graph_structure_valid" time="0.001" /><testcase classname="tests.test_graph_construction" name="test_validate_graph_structure_missing_attributes" time="0.013" /><testcase classname="tests.test_graph_construction" name="test_validate_graph_structure_missing_edge_attributes" time="0.000" /><testcase classname="tests.test_graph_construction" name="test_validate_node_types" time="0.000" /><testcase classname="tests.test_graph_construction" name="test_validate_edge_relations" time="0.000" /><testcase classname="tests.test_graph_export" name="test_compute_communities_placeholder" time="0.001" /><testcase classname="tests.test_graph_export" name="test_get_community_labels" time="0.000" /><testcase classname="tests.test_graph_export" name="test_export_graph_json" time="0.001" /><testcase classname="tests.test_graph_export" name="test_export_graph_html" time="0.001" /><testcase classname="tests.test_graph_export" name="test_export_graph_report" time="0.002" /><testcase classname="tests.test_graph_export" name="test_export_graph_json_with_custom_communities" time="0.001" /><testcase classname="tests.test_graph_export" name="test_export_graph_html_empty_graph" time="0.001" /><testcase classname="tests.test_graph_export" name="test_export_graph_report_calculates_density" time="0.001" /><testcase classname="tests.test_graph_export" name="test_export_creates_output_directory" time="0.001" /><testcase classname="tests.test_health" name="test_health_analyzer_basic" time="0.002" /><testcase classname="tests.test_health" name="test_health_score_calculation" time="0.012" /><testcase classname="tests.test_health" name="test_irreversible_migrations_detected" time="0.001" /><testcase classname="tests.test_health" name="test_drop_column_marked_irreversible" time="0.001" /><testcase classname="tests.test_health" name="test_health_report_text_format" time="0.001" /><testcase classname="tests.test_health" name="test_health_report_json_format" time="0.001" /><testcase classname="tests.test_health" name="test_grade_excellent" time="0.013" /><testcase classname="tests.test_health" name="test_grade_critical_with_many_errors" time="0.002" /><testcase classname="tests.test_health" name="test_safe_vs_unsafe_counts" time="0.002" /><testcase classname="tests.test_health" name="test_findings_by_code_aggregation" time="0.002" /><testcase classname="tests.test_health" name="test_recommendation_for_errors" time="0.001" /><testcase classname="tests.test_health" name="test_recommendation_for_warnings" time="0.001" /><testcase classname="tests.test_health" name="test_safe_percentage_calculation" time="0.012" /><testcase classname="tests.test_health" name="test_empty_folder" time="0.000" /><testcase classname="tests.test_hooks.TestHooksInstall" name="test_install_creates_hook_with_markers" time="0.001" /><testcase classname="tests.test_hooks.TestHooksInstall" name="test_install_is_idempotent" time="0.001" /><testcase classname="tests.test_hooks.TestHooksInstall" name="test_install_preserves_existing_hook_content" time="0.001" /><testcase classname="tests.test_hooks.TestHooksInstall" name="test_install_raises_error_when_no_git_directory" time="0.001" /><testcase classname="tests.test_hooks.TestHooksUninstall" name="test_uninstall_removes_hook_block" time="0.001" /><testcase classname="tests.test_hooks.TestHooksUninstall" name="test_uninstall_is_idempotent" time="0.001" /><testcase classname="tests.test_hooks.TestHooksUninstall" name="test_uninstall_preserves_surrounding_content" time="0.001" /><testcase classname="tests.test_hooks.TestHooksStatus" name="test_status_reports_installed" time="0.001" /><testcase classname="tests.test_hooks.TestHooksStatus" name="test_status_reports_not_installed" time="0.001" /><testcase classname="tests.test_hooks.TestHooksStatus" name="test_status_reports_not_installed_when_file_missing" time="0.001" /><testcase classname="tests.test_impact" name="test_impact_result_total_count" time="0.000" /><testcase classname="tests.test_impact" name="test_impact_result_to_dict" time="0.000" /><testcase classname="tests.test_impact" name="test_analyze_impact_nonexistent_node" time="0.000" /><testcase classname="tests.test_impact" name="test_analyze_impact_linear_chain" time="0.000" /><testcase classname="tests.test_impact" name="test_analyze_impact_branching" time="0.000" /><testcase classname="tests.test_impact" name="test_analyze_impact_circular_dependency" time="0.000" /><testcase classname="tests.test_impact" name="test_analyze_impact_max_depth_limit" time="0.000" /><testcase classname="tests.test_impact" name="test_analyze_impact_by_type_grouping" time="0.000" /><testcase classname="tests.test_impact" name="test_analyze_impact_critical_paths" time="0.000" /><testcase classname="tests.test_impact" name="test_analyze_impact_undirected_graph" time="0.000" /><testcase classname="tests.test_impact" name="test_analyze_impact_follow_direction_in" time="0.000" /><testcase classname="tests.test_impact" name="test_analyze_impact_isolated_node" time="0.000" /><testcase classname="tests.test_impact" name="test_format_impact_text_no_affected" time="0.000" /><testcase classname="tests.test_impact" name="test_format_impact_text_with_affected" time="0.016" /><testcase classname="tests.test_impact" name="test_format_impact_json" time="0.000" /><testcase classname="tests.test_impact" name="test_analyze_impact_complex_graph" time="0.000" /><testcase classname="tests.test_impact" name="test_analyze_impact_real_schema_pattern" time="0.000" /><testcase classname="tests.test_impact" name="test_impact_result_new_fields_defaults" time="0.000" /><testcase classname="tests.test_impact" name="test_impact_result_to_dict_includes_new_fields" time="0.000" /><testcase classname="tests.test_impact" name="test_merge_impact_results_empty" time="0.000" /><testcase classname="tests.test_impact" name="test_merge_impact_results_single" time="0.000" /><testcase classname="tests.test_impact" name="test_merge_impact_results_multiple" time="0.000" /><testcase classname="tests.test_impact" name="test_merge_impact_results_deduplicates" time="0.000" /><testcase classname="tests.test_impact" name="test_merge_impact_results_with_changed_tables" time="0.000" /><testcase classname="tests.test_impact" name="test_format_impact_from_diff_text_no_affected" time="0.000" /><testcase classname="tests.test_impact" name="test_format_impact_from_diff_text_with_affected" time="0.000" /><testcase classname="tests.test_impact" name="test_format_impact_from_diff_text_no_changed_tables" time="0.000" /><testcase classname="tests.test_impact" name="test_format_impact_from_diff_json" time="0.025" /><testcase classname="tests.test_impact" name="test_format_impact_from_diff_json_empty_lists" time="0.000" /><testcase classname="tests.test_insights.TestInsightsReport" name="test_version_matches_state" time="0.141" /><testcase classname="tests.test_insights.TestInsightsReport" name="test_fingerprint_non_empty" time="0.000" /><testcase classname="tests.test_insights.TestInsightsReport" name="test_summary_contains_schema_version" time="0.011" /><testcase classname="tests.test_insights.TestInsightsReport" name="test_errors_returns_only_errors" time="0.000" /><testcase classname="tests.test_insights.TestInsightsReport" name="test_warnings_returns_only_warnings" time="0.000" /><testcase classname="tests.test_insights.TestInsightsReport" name="test_infos_returns_only_infos" time="0.000" /><testcase classname="tests.test_insights.TestInsightsReport" name="test_by_code_filters_correctly" time="0.000" /><testcase classname="tests.test_insights.TestInsightsReport" name="test_by_table_filters_correctly" time="0.000" /><testcase classname="tests.test_insights.TestInsightsReport" name="test_is_healthy_false_when_warnings" time="0.000" /><testcase classname="tests.test_insights.TestInsightsReport" name="test_total_finding_count" time="0.000" /><testcase classname="tests.test_insights.TestInsightsReport" name="test_findings_sorted_severity_first" time="0.000" /><testcase classname="tests.test_insights.TestInsightsReportSerialisation" name="test_to_json_is_valid_json" time="0.000" /><testcase classname="tests.test_insights.TestInsightsReportSerialisation" name="test_to_json_summary_counts_match" time="0.000" /><testcase classname="tests.test_insights.TestInsightsReportSerialisation" name="test_to_json_grouped_by_severity" time="0.000" /><testcase classname="tests.test_insights.TestInsightsReportSerialisation" name="test_to_dict_version_fingerprint" time="0.000" /><testcase classname="tests.test_insights.TestInsightsReportSerialisation" name="test_to_text_contains_header" time="0.000" /><testcase classname="tests.test_insights.TestInsightsReportSerialisation" name="test_to_text_contains_finding_code" time="0.000" /><testcase classname="tests.test_insights.TestSampleFindings" name="test_missing_fk_candidate_audit_record_id" time="0.000" /><testcase classname="tests.test_insights.TestSampleFindings" name="test_nullable_fk_audit_changed_by" time="0.000" /><testcase classname="tests.test_insights.TestSampleFindings" name="test_empty_table_comment_products" time="0.000" /><testcase classname="tests.test_insights.TestSampleFindings" name="test_no_indexes_users" time="0.000" /><testcase classname="tests.test_insights.TestSampleFindings" name="test_unique_without_index_users" time="0.000" /><testcase classname="tests.test_insights.TestSampleFindings" name="test_no_errors_in_sample_schema" time="0.000" /><testcase classname="tests.test_insights.TestOrphanTable" name="test_detects_orphan_table" time="0.001" /><testcase classname="tests.test_insights.TestOrphanTable" name="test_orphan_is_warning" time="0.001" /><testcase classname="tests.test_insights.TestNoPK" name="test_detects_missing_pk" time="0.014" /><testcase classname="tests.test_insights.TestNoPK" name="test_no_pk_is_error" time="0.001" /><testcase classname="tests.test_insights.TestMissingFKCandidate" name="test_detects_column_named_user_id_without_fk" time="0.001" /><testcase classname="tests.test_insights.TestMissingFKCandidate" name="test_pk_column_named_id_not_flagged" time="0.001" /><testcase classname="tests.test_insights.TestWideTable" name="test_wide_table_flagged" time="0.003" /><testcase classname="tests.test_insights.TestWideTable" name="test_narrow_table_not_flagged" time="0.001" /><testcase classname="tests.test_insights.TestUnresolvedFK" name="test_detects_fk_to_missing_table" time="0.001" /><testcase classname="tests.test_insights.TestUnresolvedFK" name="test_unresolved_fk_is_error" time="0.018" /><testcase classname="tests.test_insights.TestReportFiltering" name="test_filter_by_severity_returns_subset" time="0.000" /><testcase classname="tests.test_insights.TestReportFiltering" name="test_healthy_on_minimal_schema" time="0.002" /><testcase classname="tests.test_insights.TestReportFiltering" name="test_finding_to_dict_contains_required_keys" time="0.000" /><testcase classname="tests.test_insights.TestGodTableDetection" name="test_detects_god_table" time="0.000" /><testcase classname="tests.test_insights.TestGodTableDetection" name="test_god_table_degree_counts" time="0.016" /><testcase classname="tests.test_insights.TestGodTableDetection" name="test_god_table_community_label" time="0.000" /><testcase classname="tests.test_insights.TestGodTableDetection" name="test_empty_state_returns_empty" time="0.000" /><testcase classname="tests.test_insights.TestGodTableDetection" name="test_few_tables_no_god" time="0.000" /><testcase classname="tests.test_insights.TestSurprisingJoinDetection" name="test_detects_cross_community_joins" time="0.000" /><testcase classname="tests.test_insights.TestSurprisingJoinDetection" name="test_shipment_to_employee_is_surprising" time="0.000" /><testcase classname="tests.test_insights.TestSurprisingJoinDetection" name="test_intra_community_not_flagged" time="0.000" /><testcase classname="tests.test_insights.TestSurprisingJoinDetection" name="test_none_communities_returns_empty" time="0.000" /><testcase classname="tests.test_insights.TestSurprisingJoinDetection" name="test_empty_relationships_returns_empty" time="0.000" /><testcase classname="tests.test_insights.TestInsightsReportNewFields" name="test_report_includes_god_tables" time="0.001" /><testcase classname="tests.test_insights.TestInsightsReportNewFields" name="test_report_includes_surprising_joins" time="0.000" /><testcase classname="tests.test_insights.TestInsightsReportNewFields" name="test_to_json_includes_new_fields" time="0.001" /><testcase classname="tests.test_insights.TestInsightsReportNewFields" name="test_to_dict_includes_new_fields" time="0.001" /><testcase classname="tests.test_insights.TestInsightsReportNewFields" name="test_to_text_includes_new_sections" time="0.000" /><testcase classname="tests.test_insights.TestInsightsReportNewFields" name="test_without_communities_new_fields_still_populated" time="0.000" /><testcase classname="tests.test_insights.TestInsightsReportNewFields" name="test_json_new_fields_have_correct_shape" time="0.001" /><testcase classname="tests.test_insights_migrations" name="test_add_not_null_no_default_detected" time="0.001" /><testcase classname="tests.test_insights_migrations" name="test_add_not_null_with_default_not_flagged" time="0.002" /><testcase classname="tests.test_insights_migrations" name="test_select_star_view_detected" time="0.001" /><testcase classname="tests.test_insights_migrations" name="test_select_star_view_not_detected_without_star" time="0.001" /><testcase classname="tests.test_insights_migrations" name="test_trigger_with_business_logic_detected" time="0.015" /><testcase classname="tests.test_insights_migrations" name="test_simple_trigger_not_flagged" time="0.001" /><testcase classname="tests.test_insights_migrations" name="test_large_delete_no_where_detected" time="0.001" /><testcase classname="tests.test_insights_migrations" name="test_delete_with_where_not_flagged" time="0.001" /><testcase classname="tests.test_insights_migrations" name="test_migration_findings_category" time="0.001" /><testcase classname="tests.test_insights_migrations" name="test_multiple_migration_antipatterns_in_one_file" time="0.001" /><testcase classname="tests.test_integrity" name="test_compute_file_hash" time="0.019" /><testcase classname="tests.test_integrity" name="test_compute_file_hash_normalizes_line_endings" time="0.001" /><testcase classname="tests.test_integrity" name="test_save_and_load_manifest" time="0.001" /><testcase classname="tests.test_integrity" name="test_load_manifest_missing_file" time="0.001" /><testcase classname="tests.test_integrity" name="test_load_manifest_corrupted_file" time="0.017" /><testcase classname="tests.test_integrity" name="test_check_integrity_clean" time="0.001" /><testcase classname="tests.test_integrity" name="test_check_integrity_modified" time="0.001" /><testcase classname="tests.test_integrity" name="test_check_integrity_missing" time="0.001" /><testcase classname="tests.test_integrity" name="test_check_integrity_new" time="0.001" /><testcase classname="tests.test_integrity" name="test_check_integrity_no_manifest" time="0.001" /><testcase classname="tests.test_integrity" name="test_update_manifest_new_files" time="0.001" /><testcase classname="tests.test_integrity" name="test_update_manifest_modified_file" time="0.001" /><testcase classname="tests.test_integrity" name="test_update_manifest_removed_file" time="0.001" /><testcase classname="tests.test_integrity" name="test_manifest_atomic_write" time="0.001" /><testcase classname="tests.test_integrity" name="test_version_extraction_from_filename" time="0.001" /><testcase classname="tests.test_integrity" name="test_ignores_non_versioned_files" time="0.001" /><testcase classname="tests.test_layout" name="test_compute_layout_empty" time="0.000" /><testcase classname="tests.test_layout" name="test_compute_layout_single_table" time="0.000" /><testcase classname="tests.test_layout" name="test_compute_layout_two_tables_no_edges" time="0.000" /><testcase classname="tests.test_layout" name="test_compute_layout_with_edge" time="0.000" /><testcase classname="tests.test_layout" name="test_compute_layout_chain" time="0.000" /><testcase classname="tests.test_layout" name="test_compute_layout_custom_dimensions" time="0.000" /><testcase classname="tests.test_layout" name="test_compute_layout_returns_dict_with_xy" time="0.011" /><testcase classname="tests.test_layout" name="test_compute_layout_star_schema" time="0.000" /><testcase classname="tests.test_layout" name="test_compute_layout_multiple_tables_same_level" time="0.000" /><testcase classname="tests.test_layout" name="test_compute_layout_respects_width_bounds" time="0.000" /><testcase classname="tests.test_layout" name="test_compute_layout_respects_height_bounds" time="0.000" /><testcase classname="tests.test_lineage" name="test_column_ref_creation" time="0.000" /><testcase classname="tests.test_lineage" name="test_column_ref_equality" time="0.000" /><testcase classname="tests.test_lineage" name="test_extract_lineage_basic" time="0.017" /><testcase classname="tests.test_lineage" name="test_extract_lineage_view_dependencies" time="0.003" /><testcase classname="tests.test_lineage" name="test_extract_lineage_marks_pk_fk" time="0.003" /><testcase classname="tests.test_lineage" name="test_extract_lineage_multi_level" time="0.014" /><testcase classname="tests.test_lineage" name="test_find_downstream_basic" time="0.003" /><testcase classname="tests.test_lineage" name="test_find_downstream_depth_limit" time="0.014" /><testcase classname="tests.test_lineage" name="test_find_upstream_basic" time="0.003" /><testcase classname="tests.test_lineage" name="test_find_nonexistent_column" time="0.003" /><testcase classname="tests.test_lineage" name="test_find_unused_columns" time="0.014" /><testcase classname="tests.test_lineage" name="test_unused_columns_excludes_pk_fk" time="0.003" /><testcase classname="tests.test_lineage" name="test_find_god_columns" time="0.003" /><testcase classname="tests.test_lineage" name="test_find_god_columns_high_threshold" time="0.014" /><testcase classname="tests.test_lineage" name="test_god_columns_sorted_descending" time="0.003" /><testcase classname="tests.test_lineage" name="test_format_lineage_text" time="0.003" /><testcase classname="tests.test_lineage" name="test_format_lineage_text_nonexistent" time="0.013" /><testcase classname="tests.test_lineage" name="test_format_lineage_json" time="0.003" /><testcase classname="tests.test_lineage" name="test_format_lineage_mermaid" time="0.015" /><testcase classname="tests.test_lineage" name="test_format_mermaid_nonexistent" time="0.003" /><testcase classname="tests.test_lineage" name="test_column_lineage_to_dict" time="0.000" /><testcase classname="tests.test_lineage" name="test_empty_schema" time="0.000" /><testcase classname="tests.test_lineage" name="test_schema_without_views" time="0.001" /><testcase classname="tests.test_lineage" name="test_circular_view_dependencies" time="0.001" /><testcase classname="tests.test_linter" name="test_calculate_score_no_violations" time="0.010" /><testcase classname="tests.test_linter" name="test_calculate_score_with_errors" time="0.000" /><testcase classname="tests.test_linter" name="test_calculate_score_with_warnings" time="0.000" /><testcase classname="tests.test_linter" name="test_calculate_score_with_info" time="0.000" /><testcase classname="tests.test_linter" name="test_calculate_score_mixed_violations" time="0.000" /><testcase classname="tests.test_linter" name="test_calculate_score_minimum_zero" time="0.000" /><testcase classname="tests.test_linter" name="test_lint_valid_sql" time="0.547" /><testcase classname="tests.test_linter" name="test_lint_lowercase_keywords" time="0.099" /><testcase classname="tests.test_linter" name="test_lint_select_star" time="0.099" /><testcase classname="tests.test_linter" name="test_lint_result_has_metadata" time="0.095" /><testcase classname="tests.test_linter" name="test_format_text_no_violations" time="0.000" /><testcase classname="tests.test_linter" name="test_format_text_with_violations" time="0.000" /><testcase classname="tests.test_linter" name="test_format_text_with_error" time="0.000" /><testcase classname="tests.test_linter" name="test_format_json_valid" time="0.000" /><testcase classname="tests.test_linter" name="test_format_directory_text_summary" time="0.000" /><testcase classname="tests.test_linter" name="test_format_directory_json_valid" time="0.000" /><testcase classname="tests.test_linter" name="test_lint_directory_non_recursive" time="0.395" /><testcase classname="tests.test_linter" name="test_lint_directory_recursive" time="0.200" /><testcase classname="tests.test_linter" name="test_lint_directory_min_score_filter" time="0.000" /><testcase classname="tests.test_linter" name="test_lint_migration_error_handling" time="0.116" /><testcase classname="tests.test_linter" name="test_lint_different_dialects" time="0.607" /><testcase classname="tests.test_linter" name="test_violations_have_required_fields" time="0.000" /><testcase classname="tests.test_linter" name="test_lint_result_default_values" time="0.000" /><testcase classname="tests.test_manifest" name="test_to_manifest_basic" time="0.010" /><testcase classname="tests.test_manifest" name="test_to_manifest_includes_migration_history" time="0.000" /><testcase classname="tests.test_manifest" name="test_to_manifest_empty_state" time="0.000" /><testcase classname="tests.test_manifest" name="test_to_manifest_structure" time="0.000" /><testcase classname="tests.test_migration_graph" name="test_parse_migration_filename_simple" time="0.000" /><testcase classname="tests.test_migration_graph" name="test_parse_migration_filename_with_decimal" time="0.000" /><testcase classname="tests.test_migration_graph" name="test_parse_migration_filename_with_timestamp" time="0.017" /><testcase classname="tests.test_migration_graph" name="test_parse_migration_filename_invalid" time="0.000" /><testcase classname="tests.test_migration_graph" name="test_extract_table_operations_create_table" time="0.001" /><testcase classname="tests.test_migration_graph" name="test_extract_table_operations_alter_table" time="0.000" /><testcase classname="tests.test_migration_graph" name="test_extract_table_operations_create_view" time="0.001" /><testcase classname="tests.test_migration_graph" name="test_extract_table_operations_foreign_key" time="0.000" /><testcase classname="tests.test_migration_graph" name="test_extract_table_operations_drop_table" time="0.000" /><testcase classname="tests.test_migration_graph" name="test_extract_table_operations_multiple_statements" time="0.001" /><testcase classname="tests.test_migration_graph" name="test_build_migration_graph_simple" time="0.001" /><testcase classname="tests.test_migration_graph" name="test_build_migration_graph_with_alter" time="0.001" /><testcase classname="tests.test_migration_graph" name="test_build_migration_graph_with_foreign_key" time="0.001" /><testcase classname="tests.test_migration_graph" name="test_build_migration_graph_with_view" time="0.001" /><testcase classname="tests.test_migration_graph" name="test_build_migration_graph_transitive_dependencies" time="0.001" /><testcase classname="tests.test_migration_graph" name="test_format_dot_simple" time="0.001" /><testcase classname="tests.test_migration_graph" name="test_format_html_simple" time="0.001" /><testcase classname="tests.test_migration_graph" name="test_format_timeline_simple" time="0.000" /><testcase classname="tests.test_migration_graph" name="test_format_json_simple" time="0.001" /><testcase classname="tests.test_migration_graph" name="test_format_json_with_timestamp" time="0.001" /><testcase classname="tests.test_migration_graph" name="test_build_migration_graph_empty" time="0.001" /><testcase classname="tests.test_migration_graph" name="test_build_migration_graph_circular_reference" time="0.001" /><testcase classname="tests.test_migration_graph" name="test_build_migration_graph_no_dependencies" time="0.001" /><testcase classname="tests.test_models" name="test_column_creation" time="0.000" /><testcase classname="tests.test_models" name="test_column_with_fk_reference" time="0.000" /><testcase classname="tests.test_models" name="test_constraint_primary_key" time="0.000" /><testcase classname="tests.test_models" name="test_constraint_foreign_key" time="0.000" /><testcase classname="tests.test_models" name="test_index_creation" time="0.000" /><testcase classname="tests.test_models" name="test_migration_action_create" time="0.000" /><testcase classname="tests.test_models" name="test_migration_action_add_column" time="0.000" /><testcase classname="tests.test_models" name="test_table_minimal" time="0.000" /><testcase classname="tests.test_models" name="test_table_with_columns" time="0.000" /><testcase classname="tests.test_models" name="test_sequence_creation" time="0.000" /><testcase classname="tests.test_models" name="test_edge_creation" time="0.000" /><testcase classname="tests.test_models" name="test_migration_history" time="0.000" /><testcase classname="tests.test_models" name="test_schema_graph_empty" time="0.000" /><testcase classname="tests.test_models" name="test_schema_graph_with_data" time="0.000" /><testcase classname="tests.test_models" name="test_vector_chunk_creation" time="0.000" /><testcase classname="tests.test_models" name="test_graph_node_table" time="0.000" /><testcase classname="tests.test_models" name="test_graph_node_column" time="0.000" /><testcase classname="tests.test_models" name="test_graph_edge_contains" time="0.000" /><testcase classname="tests.test_models" name="test_graph_edge_foreign_key" time="0.000" /><testcase classname="tests.test_models" name="test_edge_relation_type" time="0.000" /><testcase classname="tests.test_models" name="test_confidence_type" time="0.000" /><testcase classname="tests.test_modify_dual_path" name="test_modify_single_column_type_change" time="0.002" /><testcase classname="tests.test_modify_dual_path" name="test_modify_single_column_nullability" time="0.001" /><testcase classname="tests.test_modify_dual_path" name="test_modify_creates_action" time="0.001" /><testcase classname="tests.test_modify_dual_path" name="test_modify_updates_modified_in" time="0.001" /><testcase classname="tests.test_modify_dual_path" name="test_modify_multiple_columns_at_once" time="0.001" /><testcase classname="tests.test_modify_dual_path" name="test_modify_multiple_columns_creates_multiple_actions" time="0.001" /><testcase classname="tests.test_modify_dual_path" name="test_modify_with_default_value" time="0.001" /><testcase classname="tests.test_modify_dual_path" name="test_modify_nonexistent_table" time="0.000" /><testcase classname="tests.test_modify_dual_path" name="test_modify_nonexistent_column" time="0.011" /><testcase classname="tests.test_modify_dual_path" name="test_modify_precision_and_scale" time="0.001" /><testcase classname="tests.test_modify_dual_path" name="test_modify_without_parens" time="0.001" /><testcase classname="tests.test_modify_dual_path" name="test_native_path_used_when_available" time="0.000"><skipped type="pytest.skip" message="Testing regex fallback path">/workspace/cli/tests/test_modify_dual_path.py:279: Testing regex fallback path</skipped></testcase><testcase classname="tests.test_modify_dual_path" name="test_regex_fallback_used_when_needed" time="0.000" /><testcase classname="tests.test_naming" name="test_valid_names" time="0.001" /><testcase classname="tests.test_naming" name="test_invalid_description_format" time="0.001" /><testcase classname="tests.test_naming" name="test_long_filename" time="0.001" /><testcase classname="tests.test_naming" name="test_non_flyway_filename" time="0.001" /><testcase classname="tests.test_naming" name="test_leading_underscore_description" time="0.001" /><testcase classname="tests.test_naming" name="test_trailing_underscore_description" time="0.001" /><testcase classname="tests.test_naming" name="test_custom_pattern_accepted" time="0.001" /><testcase classname="tests.test_naming" name="test_custom_pattern_rejected" time="0.001" /><testcase classname="tests.test_naming" name="test_invalid_regex_raises" time="0.001" /><testcase classname="tests.test_naming" name="test_repeatable_migration_valid" time="0.001" /><testcase classname="tests.test_naming" name="test_subdirectory_files_counted" time="0.001" /><testcase classname="tests.test_naming" name="test_validate_naming_files_valid" time="0.000" /><testcase classname="tests.test_naming" name="test_validate_naming_files_relative_path" time="0.000" /><testcase classname="tests.test_naming" name="test_validate_naming_files_invalid_format" time="0.000" /><testcase classname="tests.test_naming" name="test_validate_naming_files_invalid_regex_raises" time="0.000" /><testcase classname="tests.test_ordering" name="test_parse_versioned_migration" time="0.000" /><testcase classname="tests.test_ordering" name="test_parse_dotted_version" time="0.000" /><testcase classname="tests.test_ordering" name="test_parse_underscore_version" time="0.000" /><testcase classname="tests.test_ordering" name="test_parse_repeatable_migration" time="0.000" /><testcase classname="tests.test_ordering" name="test_parse_undo_migration" time="0.000" /><testcase classname="tests.test_ordering" name="test_parse_invalid_filename" time="0.000" /><testcase classname="tests.test_ordering" name="test_parse_case_insensitive" time="0.000" /><testcase classname="tests.test_ordering" name="test_validate_empty_directory" time="0.016" /><testcase classname="tests.test_ordering" name="test_validate_single_migration" time="0.001" /><testcase classname="tests.test_ordering" name="test_validate_multiple_migrations_correct_order" time="0.018" /><testcase classname="tests.test_ordering" name="test_detect_duplicate_versions" time="0.001" /><testcase classname="tests.test_ordering" name="test_detect_version_gaps" time="0.001" /><testcase classname="tests.test_ordering" name="test_detect_out_of_order" time="0.001" /><testcase classname="tests.test_ordering" name="test_detect_invalid_filename" time="0.001" /><testcase classname="tests.test_ordering" name="test_ignore_non_sql_files" time="0.001" /><testcase classname="tests.test_ordering" name="test_handle_dotted_versions" time="0.017" /><testcase classname="tests.test_ordering" name="test_multiple_issues_sorted_by_severity" time="0.001" /><testcase classname="tests.test_ordering" name="test_suggest_renumbering_no_changes" time="0.001" /><testcase classname="tests.test_ordering" name="test_suggest_renumbering_with_gaps" time="0.001" /><testcase classname="tests.test_ordering" name="test_suggest_renumbering_out_of_order" time="0.016" /><testcase classname="tests.test_ordering" name="test_renumbering_ignores_repeatable" time="0.001" /><testcase classname="tests.test_ordering" name="test_format_text_no_issues" time="0.001" /><testcase classname="tests.test_ordering" name="test_format_text_with_errors" time="0.017" /><testcase classname="tests.test_ordering" name="test_format_text_with_warnings" time="0.001" /><testcase classname="tests.test_ordering" name="test_format_json" time="0.001" /><testcase classname="tests.test_ordering" name="test_format_json_no_issues" time="0.001" /><testcase classname="tests.test_ordering" name="test_version_gap_not_detected_for_dotted_versions" time="0.015" /><testcase classname="tests.test_ordering" name="test_single_migration_no_order_check" time="0.001" /><testcase classname="tests.test_ordering" name="test_subdirectories_ignored" time="0.019" /><testcase classname="tests.test_pii_scan.TestPiiScanner" name="test_basic_pii_detection" time="0.002" /><testcase classname="tests.test_pii_scan.TestPiiScanner" name="test_email_exact_match_confidence" time="0.001" /><testcase classname="tests.test_pii_scan.TestPiiScanner" name="test_audit_columns_not_flagged" time="0.015" /><testcase classname="tests.test_pii_scan.TestPiiScanner" name="test_order_table_no_pii" time="0.001" /><testcase classname="tests.test_pii_scan.TestPiiScanner" name="test_address_pii_detection" time="0.001" /><testcase classname="tests.test_pii_scan.TestPiiScanner" name="test_comment_matching" time="0.001" /><testcase classname="tests.test_pii_scan.TestPiiScanner" name="test_extra_patterns" time="0.001" /><testcase classname="tests.test_pii_scan.TestPiiScanner" name="test_min_confidence_filtering" time="0.001" /><testcase classname="tests.test_pii_scan.TestPiiScanner" name="test_counts_accuracy" time="0.001" /><testcase classname="tests.test_pii_scan.TestPiiScanner" name="test_empty_schema" time="0.000" /><testcase classname="tests.test_pii_scan.TestPiiScanner" name="test_strong_partial_match_confidence" time="0.000" /><testcase classname="tests.test_pii_scan.TestPiiScanner" name="test_weak_partial_match_confidence" time="0.000" /><testcase classname="tests.test_pii_scan.TestPiiPatterns" name="test_patterns_exist" time="0.000" /><testcase classname="tests.test_pii_scan.TestPiiPatterns" name="test_patterns_are_strings" time="0.000" /><testcase classname="tests.test_pii_scan.TestPiiScannerIntegration" name="test_json_output_format" time="1.205" /><testcase classname="tests.test_pii_scan.TestPiiScannerIntegration" name="test_text_output_format" time="1.234" /><testcase classname="tests.test_provenance" name="test_collect_and_verify" time="0.084" /><testcase classname="tests.test_provenance_more" name="test_collect_provenance_non_git_include_untracked" time="0.015" /><testcase classname="tests.test_provenance_more" name="test_collect_provenance_no_recursive" time="0.002" /><testcase classname="tests.test_reconstructor.TestReconstruct" name="test_returns_five_tables" time="0.021" /><testcase classname="tests.test_reconstructor.TestReconstruct" name="test_returns_four_fk_edges" time="0.021" /><testcase classname="tests.test_reconstructor.TestReconstruct" name="test_same_tables_as_apply_migrations" time="0.040" /><testcase classname="tests.test_reconstructor.TestReconstruct" name="test_same_edge_count_as_apply_migrations" time="0.054" /><testcase classname="tests.test_reconstructor.TestReconstruct" name="test_same_action_count_as_apply_migrations" time="0.046" /><testcase classname="tests.test_reconstructor.TestReconstructAt" name="test_at_v1_has_only_two_tables" time="0.013" /><testcase classname="tests.test_reconstructor.TestReconstructAt" name="test_at_v1_no_fk_edges" time="0.003" /><testcase classname="tests.test_reconstructor.TestReconstructAt" name="test_at_v2_includes_order_tables" time="0.019" /><testcase classname="tests.test_reconstructor.TestReconstructAt" name="test_at_v2_excludes_audit_log" time="0.016" /><testcase classname="tests.test_reconstructor.TestReconstructAt" name="test_at_v2_has_fk_edges" time="0.021" /><testcase classname="tests.test_reconstructor.TestReconstructAt" name="test_at_v3_is_full_schema" time="0.042" /><testcase classname="tests.test_reconstructor.TestReconstructAt" name="test_at_v1_users_has_no_last_login" time="0.017" /><testcase classname="tests.test_reconstructor.TestReconstructAt" name="test_at_v3_users_has_last_login" time="0.041" /><testcase classname="tests.test_reconstructor.TestReconstructAt" name="test_at_v1_only_v1_in_history" time="0.017" /><testcase classname="tests.test_reconstructor.TestReconstructAt" name="test_out_of_order_input_point_in_time" time="0.042" /><testcase classname="tests.test_reconstructor.TestReconstructorClass" name="test_apply_all_returns_schema_graph" time="0.021" /><testcase classname="tests.test_reconstructor.TestReconstructorClass" name="test_snapshot_returns_graph" time="0.017" /><testcase classname="tests.test_reconstructor.TestReconstructorClass" name="test_snapshot_is_independent" time="0.017" /><testcase classname="tests.test_reconstructor.TestReconstructorClass" name="test_reset_clears_all_state" time="0.004" /><testcase classname="tests.test_reconstructor.TestReconstructorClass" name="test_apply_file_returns_migration_result" time="0.017" /><testcase classname="tests.test_reconstructor.TestReconstructorClass" name="test_apply_file_records_actions" time="0.019" /><testcase classname="tests.test_reconstructor.TestReconstructorClass" name="test_incremental_matches_batch" time="0.043" /><testcase classname="tests.test_reconstructor.TestReconstructorClass" name="test_apply_up_to_stops_at_version" time="0.017" /><testcase classname="tests.test_reconstructor.TestMigrationResultIdempotency" name="test_skip_already_applied_version" time="0.003" /><testcase classname="tests.test_reconstructor.TestMigrationResultIdempotency" name="test_no_duplicate_tables_after_double_apply" time="0.014" /><testcase classname="tests.test_reconstructor.TestMigrationResultIdempotency" name="test_no_duplicate_actions_after_double_apply" time="0.003" /><testcase classname="tests.test_reconstructor.TestReconstructorInlineSQL" name="test_rename_column_via_regex_fallback" time="0.001" /><testcase classname="tests.test_reconstructor.TestReconstructorInlineSQL" name="test_rename_column_action_recorded" time="0.001" /><testcase classname="tests.test_reconstructor.TestReconstructorInlineSQL" name="test_create_index_via_reconstructor" time="0.012" /><testcase classname="tests.test_reconstructor.TestReconstructorInlineSQL" name="test_drop_table_via_reconstructor" time="0.001" /><testcase classname="tests.test_rollback" name="test_reversible_create_table" time="0.001" /><testcase classname="tests.test_rollback" name="test_reversible_add_column" time="0.001" /><testcase classname="tests.test_rollback" name="test_irreversible_drop_table" time="0.000" /><testcase classname="tests.test_rollback" name="test_irreversible_drop_column" time="0.000" /><testcase classname="tests.test_rollback" name="test_irreversible_delete" time="0.000" /><testcase classname="tests.test_rollback" name="test_irreversible_update" time="0.000" /><testcase classname="tests.test_rollback" name="test_irreversible_insert" time="0.000" /><testcase classname="tests.test_rollback" name="test_irreversible_truncate" time="0.000" /><testcase classname="tests.test_rollback" name="test_multiple_operations_mixed" time="0.000" /><testcase classname="tests.test_rollback" name="test_create_view_reversible" time="0.001" /><testcase classname="tests.test_rollback" name="test_create_index_partial" time="0.000" /><testcase classname="tests.test_rollback" name="test_create_sequence_partial" time="0.000" /><testcase classname="tests.test_rollback" name="test_add_foreign_key_reversible" time="0.000" /><testcase classname="tests.test_rollback" name="test_modify_column_irreversible" time="0.000" /><testcase classname="tests.test_rollback" name="test_analyze_multiple_migrations" time="0.001" /><testcase classname="tests.test_rollback" name="test_format_text_output" time="0.001" /><testcase classname="tests.test_rollback" name="test_format_json_output" time="0.014" /><testcase classname="tests.test_rollback" name="test_rollback_analysis_to_dict" time="0.000" /><testcase classname="tests.test_rollback" name="test_empty_sql" time="0.000" /><testcase classname="tests.test_rollback" name="test_comments_only" time="0.000" /><testcase classname="tests.test_rollback" name="test_malformed_sql" time="0.000" /><testcase classname="tests.test_rollback" name="test_case_insensitive" time="0.001" /><testcase classname="tests.test_rollback" name="test_multiple_statements_in_one_file" time="0.001" /><testcase classname="tests.test_rollback" name="test_drop_view_irreversible" time="0.000" /><testcase classname="tests.test_rollback" name="test_drop_index_irreversible" time="0.000" /><testcase classname="tests.test_rollback" name="test_drop_sequence_irreversible" time="0.000" /><testcase classname="tests.test_safety.TestDropOperations" name="test_drop_table_is_dangerous" time="0.000" /><testcase classname="tests.test_safety.TestDropOperations" name="test_drop_view_is_high_risk" time="0.000" /><testcase classname="tests.test_safety.TestDropOperations" name="test_drop_index_is_medium_risk" time="0.000" /><testcase classname="tests.test_safety.TestDropOperations" name="test_drop_column_via_alter_is_high_risk" time="0.000" /><testcase classname="tests.test_safety.TestDropOperations" name="test_statement_type_for_drop_table" time="0.000" /><testcase classname="tests.test_safety.TestCreateOperations" name="test_create_table_is_safe" time="0.001" /><testcase classname="tests.test_safety.TestCreateOperations" name="test_create_index_without_concurrently_is_medium" time="0.001" /><testcase classname="tests.test_safety.TestCreateOperations" name="test_create_index_concurrently_is_safe" time="0.000" /><testcase classname="tests.test_safety.TestCreateOperations" name="test_create_sequence_is_safe" time="0.000" /><testcase classname="tests.test_safety.TestAlterAddColumn" name="test_add_nullable_column_is_safe" time="0.000" /><testcase classname="tests.test_safety.TestAlterAddColumn" name="test_add_not_null_no_default_is_high_risk" time="0.000" /><testcase classname="tests.test_safety.TestAlterAddColumn" name="test_add_not_null_with_default_is_safe" time="0.000" /><testcase classname="tests.test_safety.TestAlterAddColumn" name="test_add_column_non_oracle_syntax_nullable_is_safe" time="0.013" /><testcase classname="tests.test_safety.TestAlterOtherActions" name="test_add_constraint_is_medium_risk" time="0.001" /><testcase classname="tests.test_safety.TestAlterOtherActions" name="test_drop_constraint_is_medium_risk" time="0.000" /><testcase classname="tests.test_safety.TestAlterOtherActions" name="test_rename_column_is_medium_risk" time="0.000" /><testcase classname="tests.test_safety.TestDMLOperations" name="test_insert_is_safe" time="0.000" /><testcase classname="tests.test_safety.TestDMLOperations" name="test_delete_without_where_is_dangerous" time="0.000" /><testcase classname="tests.test_safety.TestDMLOperations" name="test_delete_with_where_is_high_risk" time="0.001" /><testcase classname="tests.test_safety.TestDMLOperations" name="test_update_without_where_is_dangerous" time="0.014" /><testcase classname="tests.test_safety.TestDMLOperations" name="test_update_with_where_is_high_risk" time="0.001" /><testcase classname="tests.test_safety.TestCommandFallback" name="test_truncate_is_dangerous" time="0.000" /><testcase classname="tests.test_safety.TestCommandFallback" name="test_oracle_modify_is_high_risk" time="0.000" /><testcase classname="tests.test_safety.TestCommandFallback" name="test_create_trigger_is_safe" time="0.001" /><testcase classname="tests.test_safety.TestCommandFallback" name="test_create_procedure_is_safe" time="0.000" /><testcase classname="tests.test_safety.TestAggregation" name="test_overall_is_worst_case" time="0.001" /><testcase classname="tests.test_safety.TestAggregation" name="test_safe_plus_medium_yields_medium" time="0.001" /><testcase classname="tests.test_safety.TestAggregation" name="test_empty_migration_is_safe" time="0.000" /><testcase classname="tests.test_safety.TestAggregation" name="test_requires_approval_for_high_risk" time="0.000" /><testcase classname="tests.test_safety.TestAggregation" name="test_requires_approval_for_dangerous" time="0.000" /><testcase classname="tests.test_safety.TestAggregation" name="test_no_approval_needed_for_safe" time="0.000" /><testcase classname="tests.test_safety.TestAggregation" name="test_no_approval_needed_for_medium" time="0.000" /><testcase classname="tests.test_safety.TestScoreMigrations" name="test_returns_one_result_per_file" time="0.001" /><testcase classname="tests.test_safety.TestScoreMigrations" name="test_filenames_preserved" time="0.000" /><testcase classname="tests.test_safety.TestScoreMigrations" name="test_levels_correct" time="0.001" /><testcase classname="tests.test_safety.TestToDict" name="test_keys_present" time="0.000" /><testcase classname="tests.test_safety.TestToDict" name="test_statement_keys" time="0.000" /><testcase classname="tests.test_safety.TestFormatText" name="test_contains_filenames" time="0.001" /><testcase classname="tests.test_safety.TestFormatText" name="test_contains_level_labels" time="0.001" /><testcase classname="tests.test_safety.TestFormatText" name="test_contains_summary_section" time="0.001" /><testcase classname="tests.test_safety.TestFormatText" name="test_contains_risk_distribution" time="0.014" /><testcase classname="tests.test_safety.TestFormatText" name="test_approval_warning_shown_when_needed" time="0.001" /><testcase classname="tests.test_safety.TestFormatText" name="test_no_approval_warning_when_all_safe" time="0.000" /><testcase classname="tests.test_safety.TestFormatText" name="test_empty_returns_message" time="0.000" /><testcase classname="tests.test_safety.TestFormatText" name="test_verbose_shows_statement_types" time="0.000" /><testcase classname="tests.test_safety.TestFormatJson" name="test_top_level_keys" time="0.001" /><testcase classname="tests.test_safety.TestFormatJson" name="test_total_count" time="0.001" /><testcase classname="tests.test_safety.TestFormatJson" name="test_by_level_present" time="0.001" /><testcase classname="tests.test_safety.TestFormatJson" name="test_requires_approval_count" time="0.013" /><testcase classname="tests.test_safety.TestFormatJson" name="test_migration_fields" time="0.001" /><testcase classname="tests.test_safety.TestFormatJson" name="test_empty_list" time="0.000" /><testcase classname="tests.test_schema_state.TestSchemaStateTopLevel" name="test_version_is_latest" time="0.021" /><testcase classname="tests.test_schema_state.TestSchemaStateTopLevel" name="test_dialect_default" time="0.000" /><testcase classname="tests.test_schema_state.TestSchemaStateTopLevel" name="test_generated_at_ends_with_z" time="0.000" /><testcase classname="tests.test_schema_state.TestSchemaStateTopLevel" name="test_fingerprint_is_16_hex_chars" time="0.000" /><testcase classname="tests.test_schema_state.TestSchemaStateTopLevel" name="test_fingerprint_is_stable" time="0.041" /><testcase classname="tests.test_schema_state.TestSchemaStateTopLevel" name="test_migration_history_versions" time="0.000" /><testcase classname="tests.test_schema_state.TestSchemaStateStats" name="test_table_count" time="0.000" /><testcase classname="tests.test_schema_state.TestSchemaStateStats" name="test_sequence_count" time="0.000" /><testcase classname="tests.test_schema_state.TestSchemaStateStats" name="test_relationship_count" time="0.000" /><testcase classname="tests.test_schema_state.TestSchemaStateStats" name="test_migration_count" time="0.000" /><testcase classname="tests.test_schema_state.TestSchemaStateStats" name="test_tables_without_pk" time="0.000" /><testcase classname="tests.test_schema_state.TestSchemaStateStats" name="test_column_count_is_positive" time="0.000" /><testcase classname="tests.test_schema_state.TestTableState" name="test_all_tables_present" time="0.000" /><testcase classname="tests.test_schema_state.TestTableState" name="test_users_has_pk" time="0.000" /><testcase classname="tests.test_schema_state.TestTableState" name="test_users_pk_columns" time="0.000" /><testcase classname="tests.test_schema_state.TestTableState" name="test_table_state_type" time="0.000" /><testcase classname="tests.test_schema_state.TestTableState" name="test_table_comment" time="0.010" /><testcase classname="tests.test_schema_state.TestTableState" name="test_created_in" time="0.000" /><testcase classname="tests.test_schema_state.TestTableState" name="test_modified_in_includes_v3" time="0.000" /><testcase classname="tests.test_schema_state.TestTableState" name="test_column_count_matches_columns_list" time="0.000" /><testcase classname="tests.test_schema_state.TestTableState" name="test_orders_has_fk_columns" time="0.000" /><testcase classname="tests.test_schema_state.TestColumnState" name="test_column_type" time="0.000" /><testcase classname="tests.test_schema_state.TestColumnState" name="test_pk_column_is_marked" time="0.000" /><testcase classname="tests.test_schema_state.TestColumnState" name="test_non_pk_column_not_marked" time="0.000" /><testcase classname="tests.test_schema_state.TestColumnState" name="test_fk_column_is_marked" time="0.000" /><testcase classname="tests.test_schema_state.TestColumnState" name="test_column_data_type_rendered" time="0.000" /><testcase classname="tests.test_schema_state.TestColumnState" name="test_column_comment" time="0.000" /><testcase classname="tests.test_schema_state.TestSequenceState" name="test_sequences_present" time="0.000" /><testcase classname="tests.test_schema_state.TestSequenceState" name="test_seq_users_present" time="0.000" /><testcase classname="tests.test_schema_state.TestSequenceState" name="test_seq_orders_start_with" time="0.000" /><testcase classname="tests.test_schema_state.TestRelationshipState" name="test_relationship_count" time="0.000" /><testcase classname="tests.test_schema_state.TestRelationshipState" name="test_relationship_type" time="0.000" /><testcase classname="tests.test_schema_state.TestRelationshipState" name="test_orders_to_users_exists" time="0.000" /><testcase classname="tests.test_schema_state.TestRelationshipState" name="test_cascade_on_delete" time="0.000" /><testcase classname="tests.test_schema_state.TestRelationshipState" name="test_cardinality_assigned" time="0.000" /><testcase classname="tests.test_schema_state.TestSchemaStateAccessors" name="test_get_table_by_full_name" time="0.000" /><testcase classname="tests.test_schema_state.TestSchemaStateAccessors" name="test_get_table_case_insensitive" time="0.000" /><testcase classname="tests.test_schema_state.TestSchemaStateAccessors" name="test_get_table_by_short_name" time="0.000" /><testcase classname="tests.test_schema_state.TestSchemaStateAccessors" name="test_get_table_missing_returns_none" time="0.000" /><testcase classname="tests.test_schema_state.TestSchemaStateAccessors" name="test_tables_in_schema" time="0.000" /><testcase classname="tests.test_schema_state.TestSchemaStateAccessors" name="test_tables_without_pk_empty" time="0.000" /><testcase classname="tests.test_schema_state.TestSchemaStateAccessors" name="test_orphan_tables_does_not_include_orders" time="0.000" /><testcase classname="tests.test_schema_state.TestSchemaStateAccessors" name="test_tables_referencing_users" time="0.000" /><testcase classname="tests.test_schema_state.TestSchemaStateAccessors" name="test_tables_referenced_by_orders" time="0.000" /><testcase classname="tests.test_schema_state.TestSchemaStateSerialization" name="test_to_dict_returns_dict" time="0.001" /><testcase classname="tests.test_schema_state.TestSchemaStateSerialization" name="test_to_dict_has_required_keys" time="0.014" /><testcase classname="tests.test_schema_state.TestSchemaStateSerialization" name="test_to_json_is_valid_json" time="0.001" /><testcase classname="tests.test_schema_state.TestSchemaStateSerialization" name="test_to_dict_preserves_int_values" time="0.001" /><testcase classname="tests.test_schema_state.TestSchemaStateSerialization" name="test_to_dict_preserves_string_values" time="0.001" /><testcase classname="tests.test_schema_state.TestSchemaStateSerialization" name="test_to_dict_stats_are_ints" time="0.001" /><testcase classname="tests.test_schema_state.TestSchemaStateSerialization" name="test_to_json_tables_are_serialisable" time="0.001" /><testcase classname="tests.test_simulator" name="test_simulate_add_column" time="0.016" /><testcase classname="tests.test_simulator" name="test_simulate_add_not_null_unsafe" time="0.002" /><testcase classname="tests.test_simulator" name="test_simulate_drop_table_breaking" time="0.002" /><testcase classname="tests.test_simulator" name="test_simulate_at_version" time="0.002" /><testcase classname="tests.test_simulator" name="test_simulate_invalid_sql" time="0.001" /><testcase classname="tests.test_simulator" name="test_simulation_result_text_format" time="0.011" /><testcase classname="tests.test_simulator" name="test_simulation_result_json_format" time="0.002" /><testcase classname="tests.test_simulator" name="test_diff_stats" time="0.002" /><testcase classname="tests.test_simulator" name="test_health_score_degradation" time="0.014" /><testcase classname="tests.test_simulator" name="test_summary_method" time="0.002" /><testcase classname="tests.test_simulator" name="test_simulate_create_table" time="0.002" /><testcase classname="tests.test_simulator" name="test_simulate_empty_base" time="0.001" /><testcase classname="tests.test_simulator" name="test_is_breaking_false_for_safe_changes" time="0.002" /><testcase classname="tests.test_simulator" name="test_simulate_multiple_statements" time="0.012" /><testcase classname="tests.test_sqlglot_compat" name="test_modify_feature_flag_is_boolean" time="0.000" /><testcase classname="tests.test_sqlglot_compat" name="test_rename_column_feature_flag_is_boolean" time="0.000" /><testcase classname="tests.test_sqlglot_compat" name="test_log_capabilities_does_not_crash" time="0.000" /><testcase classname="tests.test_sqlglot_compat" name="test_parse_modify_single_column" time="0.000"><skipped type="pytest.skip" message="sqlglot does not support native MODIFY">/workspace/cli/tests/test_sqlglot_compat.py:41: sqlglot does not support native MODIFY</skipped></testcase><testcase classname="tests.test_sqlglot_compat" name="test_parse_modify_with_type_change" time="0.000"><skipped type="pytest.skip" message="sqlglot does not support native MODIFY">/workspace/cli/tests/test_sqlglot_compat.py:57: sqlglot does not support native MODIFY</skipped></testcase><testcase classname="tests.test_sqlglot_compat" name="test_parse_modify_with_default" time="0.000"><skipped type="pytest.skip" message="sqlglot does not support native MODIFY">/workspace/cli/tests/test_sqlglot_compat.py:68: sqlglot does not support native MODIFY</skipped></testcase><testcase classname="tests.test_sqlglot_compat" name="test_parse_modify_multiple_columns" time="0.000"><skipped type="pytest.skip" message="sqlglot does not support native MODIFY">/workspace/cli/tests/test_sqlglot_compat.py:78: sqlglot does not support native MODIFY</skipped></testcase><testcase classname="tests.test_sqlglot_compat" name="test_parse_modify_without_native_support_raises_error" time="0.000" /><testcase classname="tests.test_sqlglot_compat" name="test_parse_modify_invalid_sql_raises_error" time="0.000"><skipped type="pytest.skip" message="sqlglot does not support native MODIFY">/workspace/cli/tests/test_sqlglot_compat.py:108: sqlglot does not support native MODIFY</skipped></testcase><testcase classname="tests.test_sqlglot_compat" name="test_modify_column_info_creation" time="0.000" /><testcase classname="tests.test_sqlglot_compat" name="test_modify_column_info_minimal" time="0.000" /><testcase classname="tests.test_stability" name="test_calculate_stability_empty_state" time="0.000" /><testcase classname="tests.test_stability" name="test_calculate_stability_single_migration" time="0.015" /><testcase classname="tests.test_stability" name="test_calculate_stability_multiple_migrations" time="0.002" /><testcase classname="tests.test_stability" name="test_calculate_stability_high_churn_detection" time="0.001" /><testcase classname="tests.test_stability" name="test_calculate_stability_stable_tables" time="0.018" /><testcase classname="tests.test_stability" name="test_calculate_stability_custom_thresholds" time="0.018" /><testcase classname="tests.test_stability" name="test_calculate_stability_churn_rate_calculation" time="0.001" /><testcase classname="tests.test_stability" name="test_calculate_stability_score_calculation" time="0.001" /><testcase classname="tests.test_stability" name="test_calculate_stability_sorting" time="0.016" /><testcase classname="tests.test_stability" name="test_calculate_volatility_empty" time="0.000" /><testcase classname="tests.test_stability" name="test_calculate_volatility_single_value" time="0.000" /><testcase classname="tests.test_stability" name="test_calculate_volatility_multiple_values" time="0.000" /><testcase classname="tests.test_stability" name="test_calculate_volatility_uniform" time="0.000" /><testcase classname="tests.test_stability" name="test_get_stability_grade_excellent" time="0.000" /><testcase classname="tests.test_stability" name="test_get_stability_grade_good" time="0.000" /><testcase classname="tests.test_stability" name="test_get_stability_grade_fair" time="0.000" /><testcase classname="tests.test_stability" name="test_get_stability_grade_poor" time="0.000" /><testcase classname="tests.test_stability" name="test_get_stability_grade_critical" time="0.000" /><testcase classname="tests.test_stability" name="test_format_text" time="0.001" /><testcase classname="tests.test_stability" name="test_format_text_with_high_churn" time="0.015" /><testcase classname="tests.test_stability" name="test_format_text_with_stable_tables" time="0.021" /><testcase classname="tests.test_stability" name="test_format_text_show_all" time="0.001" /><testcase classname="tests.test_stability" name="test_format_json" time="0.001" /><testcase classname="tests.test_stability" name="test_format_json_structure" time="0.015" /><testcase classname="tests.test_stability" name="test_overall_stability_score" time="0.002" /><testcase classname="tests.test_stability" name="test_modified_in_tracking" time="0.002" /><testcase classname="tests.test_watch.TestWatchHandler" name="test_acquire_lock_success" time="0.001" /><testcase classname="tests.test_watch.TestWatchHandler" name="test_acquire_lock_success_when_already_held" time="0.001" /><testcase classname="tests.test_watch.TestWatchHandler" name="test_check_shrink_safety_allows_normal_rebuild" time="0.000" /><testcase classname="tests.test_watch.TestWatchHandler" name="test_check_shrink_safety_blocks_large_reduction" time="0.000" /><testcase classname="tests.test_watch.TestWatchHandler" name="test_check_shrink_safety_allows_when_force" time="0.019" /><testcase classname="tests.test_watch.TestWatchHandler" name="test_check_shrink_safety_zero_old_count" time="0.000" /><testcase classname="tests.test_watch.TestWatchHandler" name="test_should_handle_event_sql_file" time="0.001" /><testcase classname="tests.test_watch.TestWatchHandler" name="test_should_handle_event_non_sql_file" time="0.001" /><testcase classname="tests.test_watch.TestWatchHandler" name="test_should_handle_event_outside_directory" time="0.001" /><testcase classname="tests.test_watch.TestWatchHandler" name="test_print_summary" time="0.001" /><testcase classname="tests.test_watch.TestWatchHandler" name="test_stop_cleans_up" time="0.001" /><testcase classname="tests.test_watch.TestCmdWatch" name="test_nonexistent_directory" time="0.000" /><testcase classname="tests.test_watch.TestCmdWatch" name="test_empty_run_commands" time="0.001" /><testcase classname="tests.test_watch.TestCmdWatch" name="test_watch_starts_and_stops" time="0.017" /><testcase classname="tests.test_watch.TestCmdWatch" name="test_initial_rebuild" time="0.003" /><testcase classname="tests.test_watch.TestWatchDebouncing" name="test_debounce_timer_resets" time="0.016" /><testcase classname="tests.test_watch.TestWatchDebouncing" name="test_commands_run_after_debounce" time="0.019" /></testsuite></testsuites>